{"name":"hexo","hostname":"idea-PC","pid":8596,"level":20,"msg":"Hexo version: \u001b[35m3.7.1\u001b[39m","time":"2018-06-28T01:16:44.148Z","v":0}
{"name":"hexo","hostname":"idea-PC","pid":8596,"level":20,"msg":"Working directory: \u001b[35mD:\\Blog\\\u001b[39m","time":"2018-06-28T01:16:44.160Z","v":0}
{"name":"hexo","hostname":"idea-PC","pid":8596,"level":20,"msg":"Config loaded: \u001b[35mD:\\Blog\\_config.yml\u001b[39m","time":"2018-06-28T01:16:44.391Z","v":0}
{"name":"hexo","hostname":"idea-PC","pid":8596,"level":20,"msg":"Plugin loaded: \u001b[35mhexo-deployer-git\u001b[39m","time":"2018-06-28T01:16:44.462Z","v":0}
{"name":"hexo","hostname":"idea-PC","pid":8596,"level":20,"msg":"Plugin loaded: \u001b[35mhexo-generator-archive\u001b[39m","time":"2018-06-28T01:16:44.469Z","v":0}
{"name":"hexo","hostname":"idea-PC","pid":8596,"level":20,"msg":"Plugin loaded: \u001b[35mhexo-generator-category\u001b[39m","time":"2018-06-28T01:16:44.475Z","v":0}
{"name":"hexo","hostname":"idea-PC","pid":8596,"level":20,"msg":"Plugin loaded: \u001b[35mhexo-generator-index\u001b[39m","time":"2018-06-28T01:16:44.481Z","v":0}
{"name":"hexo","hostname":"idea-PC","pid":8596,"level":20,"msg":"Plugin loaded: \u001b[35mhexo-generator-tag\u001b[39m","time":"2018-06-28T01:16:44.485Z","v":0}
{"name":"hexo","hostname":"idea-PC","pid":8596,"level":20,"msg":"Plugin loaded: \u001b[35mhexo-renderer-ejs\u001b[39m","time":"2018-06-28T01:16:44.497Z","v":0}
{"name":"hexo","hostname":"idea-PC","pid":8596,"level":20,"msg":"Plugin loaded: \u001b[35mhexo-renderer-marked\u001b[39m","time":"2018-06-28T01:16:44.508Z","v":0}
{"name":"hexo","hostname":"idea-PC","pid":8596,"level":20,"msg":"Plugin loaded: \u001b[35mhexo-renderer-stylus\u001b[39m","time":"2018-06-28T01:16:44.511Z","v":0}
{"name":"hexo","hostname":"idea-PC","pid":8596,"level":20,"msg":"Plugin loaded: \u001b[35mhexo-server\u001b[39m","time":"2018-06-28T01:16:44.635Z","v":0}
{"name":"hexo","hostname":"idea-PC","pid":8596,"level":20,"msg":"Plugin loaded: \u001b[35mhexo-symbols-count-time\u001b[39m","time":"2018-06-28T01:16:44.640Z","v":0}
{"name":"hexo","hostname":"idea-PC","pid":8596,"level":20,"msg":"Script loaded: \u001b[35mthemes\\next-reloaded\\scripts\\helpers.js\u001b[39m","time":"2018-06-28T01:16:44.682Z","v":0}
{"name":"hexo","hostname":"idea-PC","pid":8596,"level":20,"msg":"Script loaded: \u001b[35mthemes\\next-reloaded\\scripts\\merge-configs.js\u001b[39m","time":"2018-06-28T01:16:44.691Z","v":0}
{"name":"hexo","hostname":"idea-PC","pid":8596,"level":20,"msg":"Script loaded: \u001b[35mthemes\\next-reloaded\\scripts\\tags\\button.js\u001b[39m","time":"2018-06-28T01:16:44.693Z","v":0}
{"name":"hexo","hostname":"idea-PC","pid":8596,"level":20,"msg":"Script loaded: \u001b[35mthemes\\next-reloaded\\scripts\\merge.js\u001b[39m","time":"2018-06-28T01:16:44.698Z","v":0}
{"name":"hexo","hostname":"idea-PC","pid":8596,"level":20,"msg":"Script loaded: \u001b[35mthemes\\next-reloaded\\scripts\\tags\\center-quote.js\u001b[39m","time":"2018-06-28T01:16:44.700Z","v":0}
{"name":"hexo","hostname":"idea-PC","pid":8596,"level":20,"msg":"Script loaded: \u001b[35mthemes\\next-reloaded\\scripts\\tags\\exturl.js\u001b[39m","time":"2018-06-28T01:16:44.704Z","v":0}
{"name":"hexo","hostname":"idea-PC","pid":8596,"level":20,"msg":"Script loaded: \u001b[35mthemes\\next-reloaded\\scripts\\tags\\full-image.js\u001b[39m","time":"2018-06-28T01:16:44.706Z","v":0}
{"name":"hexo","hostname":"idea-PC","pid":8596,"level":20,"msg":"Script loaded: \u001b[35mthemes\\next-reloaded\\scripts\\tags\\group-pictures.js\u001b[39m","time":"2018-06-28T01:16:44.710Z","v":0}
{"name":"hexo","hostname":"idea-PC","pid":8596,"level":20,"msg":"Script loaded: \u001b[35mthemes\\next-reloaded\\scripts\\tags\\include-raw.js\u001b[39m","time":"2018-06-28T01:16:44.714Z","v":0}
{"name":"hexo","hostname":"idea-PC","pid":8596,"level":20,"msg":"Script loaded: \u001b[35mthemes\\next-reloaded\\scripts\\tags\\label.js\u001b[39m","time":"2018-06-28T01:16:44.716Z","v":0}
{"name":"hexo","hostname":"idea-PC","pid":8596,"level":20,"msg":"Script loaded: \u001b[35mthemes\\next-reloaded\\scripts\\tags\\lazy-image.js\u001b[39m","time":"2018-06-28T01:16:44.718Z","v":0}
{"name":"hexo","hostname":"idea-PC","pid":8596,"level":20,"msg":"Script loaded: \u001b[35mthemes\\next-reloaded\\scripts\\tags\\note.js\u001b[39m","time":"2018-06-28T01:16:44.722Z","v":0}
{"name":"hexo","hostname":"idea-PC","pid":8596,"level":20,"msg":"Script loaded: \u001b[35mthemes\\next-reloaded\\scripts\\tags\\tabs.js\u001b[39m","time":"2018-06-28T01:16:44.724Z","v":0}
{"name":"hexo","hostname":"idea-PC","pid":8596,"level":20,"msg":"Database saved","time":"2018-06-28T01:16:44.756Z","v":0}
{"name":"hexo","hostname":"idea-PC","pid":6372,"level":20,"msg":"Hexo version: \u001b[35m3.7.1\u001b[39m","time":"2018-06-28T01:17:13.811Z","v":0}
{"name":"hexo","hostname":"idea-PC","pid":6372,"level":20,"msg":"Working directory: \u001b[35mD:\\Blog\\\u001b[39m","time":"2018-06-28T01:17:13.816Z","v":0}
{"name":"hexo","hostname":"idea-PC","pid":6372,"level":20,"msg":"Config loaded: \u001b[35mD:\\Blog\\_config.yml\u001b[39m","time":"2018-06-28T01:17:14.013Z","v":0}
{"name":"hexo","hostname":"idea-PC","pid":6372,"level":20,"msg":"Plugin loaded: \u001b[35mhexo-deployer-git\u001b[39m","time":"2018-06-28T01:17:14.086Z","v":0}
{"name":"hexo","hostname":"idea-PC","pid":6372,"level":20,"msg":"Plugin loaded: \u001b[35mhexo-generator-archive\u001b[39m","time":"2018-06-28T01:17:14.093Z","v":0}
{"name":"hexo","hostname":"idea-PC","pid":6372,"level":20,"msg":"Plugin loaded: \u001b[35mhexo-generator-category\u001b[39m","time":"2018-06-28T01:17:14.098Z","v":0}
{"name":"hexo","hostname":"idea-PC","pid":6372,"level":20,"msg":"Plugin loaded: \u001b[35mhexo-generator-index\u001b[39m","time":"2018-06-28T01:17:14.103Z","v":0}
{"name":"hexo","hostname":"idea-PC","pid":6372,"level":20,"msg":"Plugin loaded: \u001b[35mhexo-generator-tag\u001b[39m","time":"2018-06-28T01:17:14.107Z","v":0}
{"name":"hexo","hostname":"idea-PC","pid":6372,"level":20,"msg":"Plugin loaded: \u001b[35mhexo-renderer-ejs\u001b[39m","time":"2018-06-28T01:17:14.116Z","v":0}
{"name":"hexo","hostname":"idea-PC","pid":6372,"level":20,"msg":"Plugin loaded: \u001b[35mhexo-renderer-marked\u001b[39m","time":"2018-06-28T01:17:14.131Z","v":0}
{"name":"hexo","hostname":"idea-PC","pid":6372,"level":20,"msg":"Plugin loaded: \u001b[35mhexo-renderer-stylus\u001b[39m","time":"2018-06-28T01:17:14.134Z","v":0}
{"name":"hexo","hostname":"idea-PC","pid":6372,"level":20,"msg":"Plugin loaded: \u001b[35mhexo-server\u001b[39m","time":"2018-06-28T01:17:14.274Z","v":0}
{"name":"hexo","hostname":"idea-PC","pid":6372,"level":20,"msg":"Plugin loaded: \u001b[35mhexo-symbols-count-time\u001b[39m","time":"2018-06-28T01:17:14.280Z","v":0}
{"name":"hexo","hostname":"idea-PC","pid":6372,"level":20,"msg":"Script loaded: \u001b[35mthemes\\next-reloaded\\scripts\\helpers.js\u001b[39m","time":"2018-06-28T01:17:14.320Z","v":0}
{"name":"hexo","hostname":"idea-PC","pid":6372,"level":20,"msg":"Script loaded: \u001b[35mthemes\\next-reloaded\\scripts\\merge-configs.js\u001b[39m","time":"2018-06-28T01:17:14.328Z","v":0}
{"name":"hexo","hostname":"idea-PC","pid":6372,"level":20,"msg":"Script loaded: \u001b[35mthemes\\next-reloaded\\scripts\\tags\\button.js\u001b[39m","time":"2018-06-28T01:17:14.331Z","v":0}
{"name":"hexo","hostname":"idea-PC","pid":6372,"level":20,"msg":"Script loaded: \u001b[35mthemes\\next-reloaded\\scripts\\merge.js\u001b[39m","time":"2018-06-28T01:17:14.335Z","v":0}
{"name":"hexo","hostname":"idea-PC","pid":6372,"level":20,"msg":"Script loaded: \u001b[35mthemes\\next-reloaded\\scripts\\tags\\center-quote.js\u001b[39m","time":"2018-06-28T01:17:14.337Z","v":0}
{"name":"hexo","hostname":"idea-PC","pid":6372,"level":20,"msg":"Script loaded: \u001b[35mthemes\\next-reloaded\\scripts\\tags\\exturl.js\u001b[39m","time":"2018-06-28T01:17:14.340Z","v":0}
{"name":"hexo","hostname":"idea-PC","pid":6372,"level":20,"msg":"Script loaded: \u001b[35mthemes\\next-reloaded\\scripts\\tags\\full-image.js\u001b[39m","time":"2018-06-28T01:17:14.342Z","v":0}
{"name":"hexo","hostname":"idea-PC","pid":6372,"level":20,"msg":"Script loaded: \u001b[35mthemes\\next-reloaded\\scripts\\tags\\group-pictures.js\u001b[39m","time":"2018-06-28T01:17:14.344Z","v":0}
{"name":"hexo","hostname":"idea-PC","pid":6372,"level":20,"msg":"Script loaded: \u001b[35mthemes\\next-reloaded\\scripts\\tags\\include-raw.js\u001b[39m","time":"2018-06-28T01:17:14.347Z","v":0}
{"name":"hexo","hostname":"idea-PC","pid":6372,"level":20,"msg":"Script loaded: \u001b[35mthemes\\next-reloaded\\scripts\\tags\\label.js\u001b[39m","time":"2018-06-28T01:17:14.348Z","v":0}
{"name":"hexo","hostname":"idea-PC","pid":6372,"level":20,"msg":"Script loaded: \u001b[35mthemes\\next-reloaded\\scripts\\tags\\lazy-image.js\u001b[39m","time":"2018-06-28T01:17:14.350Z","v":0}
{"name":"hexo","hostname":"idea-PC","pid":6372,"level":20,"msg":"Script loaded: \u001b[35mthemes\\next-reloaded\\scripts\\tags\\note.js\u001b[39m","time":"2018-06-28T01:17:14.352Z","v":0}
{"name":"hexo","hostname":"idea-PC","pid":6372,"level":20,"msg":"Script loaded: \u001b[35mthemes\\next-reloaded\\scripts\\tags\\tabs.js\u001b[39m","time":"2018-06-28T01:17:14.354Z","v":0}
{"name":"hexo","hostname":"idea-PC","pid":6372,"level":20,"msg":"Database saved","time":"2018-06-28T01:17:14.373Z","v":0}
{"name":"hexo","hostname":"idea-PC","pid":8432,"level":20,"msg":"Hexo version: \u001b[35m3.7.1\u001b[39m","time":"2018-06-28T01:17:35.637Z","v":0}
{"name":"hexo","hostname":"idea-PC","pid":8432,"level":20,"msg":"Working directory: \u001b[35mD:\\Blog\\\u001b[39m","time":"2018-06-28T01:17:35.644Z","v":0}
{"name":"hexo","hostname":"idea-PC","pid":8432,"level":20,"msg":"Config loaded: \u001b[35mD:\\Blog\\_config.yml\u001b[39m","time":"2018-06-28T01:17:35.902Z","v":0}
{"name":"hexo","hostname":"idea-PC","pid":8432,"level":20,"msg":"Plugin loaded: \u001b[35mhexo-deployer-git\u001b[39m","time":"2018-06-28T01:17:35.975Z","v":0}
{"name":"hexo","hostname":"idea-PC","pid":8432,"level":20,"msg":"Plugin loaded: \u001b[35mhexo-generator-archive\u001b[39m","time":"2018-06-28T01:17:35.983Z","v":0}
{"name":"hexo","hostname":"idea-PC","pid":8432,"level":20,"msg":"Plugin loaded: \u001b[35mhexo-generator-category\u001b[39m","time":"2018-06-28T01:17:35.988Z","v":0}
{"name":"hexo","hostname":"idea-PC","pid":8432,"level":20,"msg":"Plugin loaded: \u001b[35mhexo-generator-index\u001b[39m","time":"2018-06-28T01:17:35.992Z","v":0}
{"name":"hexo","hostname":"idea-PC","pid":8432,"level":20,"msg":"Plugin loaded: \u001b[35mhexo-generator-tag\u001b[39m","time":"2018-06-28T01:17:35.996Z","v":0}
{"name":"hexo","hostname":"idea-PC","pid":8432,"level":20,"msg":"Plugin loaded: \u001b[35mhexo-renderer-ejs\u001b[39m","time":"2018-06-28T01:17:36.003Z","v":0}
{"name":"hexo","hostname":"idea-PC","pid":8432,"level":20,"msg":"Plugin loaded: \u001b[35mhexo-renderer-marked\u001b[39m","time":"2018-06-28T01:17:36.021Z","v":0}
{"name":"hexo","hostname":"idea-PC","pid":8432,"level":20,"msg":"Plugin loaded: \u001b[35mhexo-renderer-stylus\u001b[39m","time":"2018-06-28T01:17:36.023Z","v":0}
{"name":"hexo","hostname":"idea-PC","pid":8432,"level":20,"msg":"Plugin loaded: \u001b[35mhexo-server\u001b[39m","time":"2018-06-28T01:17:36.157Z","v":0}
{"name":"hexo","hostname":"idea-PC","pid":8432,"level":20,"msg":"Plugin loaded: \u001b[35mhexo-symbols-count-time\u001b[39m","time":"2018-06-28T01:17:36.161Z","v":0}
{"name":"hexo","hostname":"idea-PC","pid":8432,"level":20,"msg":"Script loaded: \u001b[35mthemes\\next-reloaded\\scripts\\helpers.js\u001b[39m","time":"2018-06-28T01:17:36.207Z","v":0}
{"name":"hexo","hostname":"idea-PC","pid":8432,"level":20,"msg":"Script loaded: \u001b[35mthemes\\next-reloaded\\scripts\\merge-configs.js\u001b[39m","time":"2018-06-28T01:17:36.215Z","v":0}
{"name":"hexo","hostname":"idea-PC","pid":8432,"level":20,"msg":"Script loaded: \u001b[35mthemes\\next-reloaded\\scripts\\tags\\button.js\u001b[39m","time":"2018-06-28T01:17:36.216Z","v":0}
{"name":"hexo","hostname":"idea-PC","pid":8432,"level":20,"msg":"Script loaded: \u001b[35mthemes\\next-reloaded\\scripts\\merge.js\u001b[39m","time":"2018-06-28T01:17:36.222Z","v":0}
{"name":"hexo","hostname":"idea-PC","pid":8432,"level":20,"msg":"Script loaded: \u001b[35mthemes\\next-reloaded\\scripts\\tags\\center-quote.js\u001b[39m","time":"2018-06-28T01:17:36.223Z","v":0}
{"name":"hexo","hostname":"idea-PC","pid":8432,"level":20,"msg":"Script loaded: \u001b[35mthemes\\next-reloaded\\scripts\\tags\\exturl.js\u001b[39m","time":"2018-06-28T01:17:36.225Z","v":0}
{"name":"hexo","hostname":"idea-PC","pid":8432,"level":20,"msg":"Script loaded: \u001b[35mthemes\\next-reloaded\\scripts\\tags\\full-image.js\u001b[39m","time":"2018-06-28T01:17:36.227Z","v":0}
{"name":"hexo","hostname":"idea-PC","pid":8432,"level":20,"msg":"Script loaded: \u001b[35mthemes\\next-reloaded\\scripts\\tags\\group-pictures.js\u001b[39m","time":"2018-06-28T01:17:36.230Z","v":0}
{"name":"hexo","hostname":"idea-PC","pid":8432,"level":20,"msg":"Script loaded: \u001b[35mthemes\\next-reloaded\\scripts\\tags\\include-raw.js\u001b[39m","time":"2018-06-28T01:17:36.233Z","v":0}
{"name":"hexo","hostname":"idea-PC","pid":8432,"level":20,"msg":"Script loaded: \u001b[35mthemes\\next-reloaded\\scripts\\tags\\label.js\u001b[39m","time":"2018-06-28T01:17:36.235Z","v":0}
{"name":"hexo","hostname":"idea-PC","pid":8432,"level":20,"msg":"Script loaded: \u001b[35mthemes\\next-reloaded\\scripts\\tags\\lazy-image.js\u001b[39m","time":"2018-06-28T01:17:36.236Z","v":0}
{"name":"hexo","hostname":"idea-PC","pid":8432,"level":20,"msg":"Script loaded: \u001b[35mthemes\\next-reloaded\\scripts\\tags\\note.js\u001b[39m","time":"2018-06-28T01:17:36.238Z","v":0}
{"name":"hexo","hostname":"idea-PC","pid":8432,"level":20,"msg":"Script loaded: \u001b[35mthemes\\next-reloaded\\scripts\\tags\\tabs.js\u001b[39m","time":"2018-06-28T01:17:36.239Z","v":0}
{"name":"hexo","hostname":"idea-PC","pid":8432,"level":20,"msg":"Database saved","time":"2018-06-28T01:17:36.256Z","v":0}
{"name":"hexo","hostname":"idea-PC","pid":8040,"level":20,"msg":"Hexo version: \u001b[35m3.7.1\u001b[39m","time":"2018-06-28T01:17:50.939Z","v":0}
{"name":"hexo","hostname":"idea-PC","pid":8040,"level":20,"msg":"Working directory: \u001b[35mD:\\Blog\\\u001b[39m","time":"2018-06-28T01:17:50.945Z","v":0}
{"name":"hexo","hostname":"idea-PC","pid":8040,"level":20,"msg":"Config loaded: \u001b[35mD:\\Blog\\_config.yml\u001b[39m","time":"2018-06-28T01:17:51.148Z","v":0}
{"name":"hexo","hostname":"idea-PC","pid":8040,"level":20,"msg":"Plugin loaded: \u001b[35mhexo-deployer-git\u001b[39m","time":"2018-06-28T01:17:51.215Z","v":0}
{"name":"hexo","hostname":"idea-PC","pid":8040,"level":20,"msg":"Plugin loaded: \u001b[35mhexo-generator-archive\u001b[39m","time":"2018-06-28T01:17:51.222Z","v":0}
{"name":"hexo","hostname":"idea-PC","pid":8040,"level":20,"msg":"Plugin loaded: \u001b[35mhexo-generator-category\u001b[39m","time":"2018-06-28T01:17:51.226Z","v":0}
{"name":"hexo","hostname":"idea-PC","pid":8040,"level":20,"msg":"Plugin loaded: \u001b[35mhexo-generator-index\u001b[39m","time":"2018-06-28T01:17:51.231Z","v":0}
{"name":"hexo","hostname":"idea-PC","pid":8040,"level":20,"msg":"Plugin loaded: \u001b[35mhexo-generator-tag\u001b[39m","time":"2018-06-28T01:17:51.236Z","v":0}
{"name":"hexo","hostname":"idea-PC","pid":8040,"level":20,"msg":"Plugin loaded: \u001b[35mhexo-renderer-ejs\u001b[39m","time":"2018-06-28T01:17:51.248Z","v":0}
{"name":"hexo","hostname":"idea-PC","pid":8040,"level":20,"msg":"Plugin loaded: \u001b[35mhexo-renderer-marked\u001b[39m","time":"2018-06-28T01:17:51.259Z","v":0}
{"name":"hexo","hostname":"idea-PC","pid":8040,"level":20,"msg":"Plugin loaded: \u001b[35mhexo-renderer-stylus\u001b[39m","time":"2018-06-28T01:17:51.262Z","v":0}
{"name":"hexo","hostname":"idea-PC","pid":8040,"level":20,"msg":"Plugin loaded: \u001b[35mhexo-server\u001b[39m","time":"2018-06-28T01:17:51.386Z","v":0}
{"name":"hexo","hostname":"idea-PC","pid":8040,"level":20,"msg":"Plugin loaded: \u001b[35mhexo-symbols-count-time\u001b[39m","time":"2018-06-28T01:17:51.388Z","v":0}
{"name":"hexo","hostname":"idea-PC","pid":8040,"level":20,"msg":"Script loaded: \u001b[35mthemes\\next-reloaded\\scripts\\helpers.js\u001b[39m","time":"2018-06-28T01:17:51.429Z","v":0}
{"name":"hexo","hostname":"idea-PC","pid":8040,"level":20,"msg":"Script loaded: \u001b[35mthemes\\next-reloaded\\scripts\\merge-configs.js\u001b[39m","time":"2018-06-28T01:17:51.436Z","v":0}
{"name":"hexo","hostname":"idea-PC","pid":8040,"level":20,"msg":"Script loaded: \u001b[35mthemes\\next-reloaded\\scripts\\tags\\button.js\u001b[39m","time":"2018-06-28T01:17:51.438Z","v":0}
{"name":"hexo","hostname":"idea-PC","pid":8040,"level":20,"msg":"Script loaded: \u001b[35mthemes\\next-reloaded\\scripts\\tags\\center-quote.js\u001b[39m","time":"2018-06-28T01:17:51.440Z","v":0}
{"name":"hexo","hostname":"idea-PC","pid":8040,"level":20,"msg":"Script loaded: \u001b[35mthemes\\next-reloaded\\scripts\\merge.js\u001b[39m","time":"2018-06-28T01:17:51.444Z","v":0}
{"name":"hexo","hostname":"idea-PC","pid":8040,"level":20,"msg":"Script loaded: \u001b[35mthemes\\next-reloaded\\scripts\\tags\\exturl.js\u001b[39m","time":"2018-06-28T01:17:51.447Z","v":0}
{"name":"hexo","hostname":"idea-PC","pid":8040,"level":20,"msg":"Script loaded: \u001b[35mthemes\\next-reloaded\\scripts\\tags\\full-image.js\u001b[39m","time":"2018-06-28T01:17:51.449Z","v":0}
{"name":"hexo","hostname":"idea-PC","pid":8040,"level":20,"msg":"Script loaded: \u001b[35mthemes\\next-reloaded\\scripts\\tags\\group-pictures.js\u001b[39m","time":"2018-06-28T01:17:51.455Z","v":0}
{"name":"hexo","hostname":"idea-PC","pid":8040,"level":20,"msg":"Script loaded: \u001b[35mthemes\\next-reloaded\\scripts\\tags\\include-raw.js\u001b[39m","time":"2018-06-28T01:17:51.458Z","v":0}
{"name":"hexo","hostname":"idea-PC","pid":8040,"level":20,"msg":"Script loaded: \u001b[35mthemes\\next-reloaded\\scripts\\tags\\label.js\u001b[39m","time":"2018-06-28T01:17:51.459Z","v":0}
{"name":"hexo","hostname":"idea-PC","pid":8040,"level":20,"msg":"Script loaded: \u001b[35mthemes\\next-reloaded\\scripts\\tags\\lazy-image.js\u001b[39m","time":"2018-06-28T01:17:51.460Z","v":0}
{"name":"hexo","hostname":"idea-PC","pid":8040,"level":20,"msg":"Script loaded: \u001b[35mthemes\\next-reloaded\\scripts\\tags\\note.js\u001b[39m","time":"2018-06-28T01:17:51.462Z","v":0}
{"name":"hexo","hostname":"idea-PC","pid":8040,"level":20,"msg":"Script loaded: \u001b[35mthemes\\next-reloaded\\scripts\\tags\\tabs.js\u001b[39m","time":"2018-06-28T01:17:51.464Z","v":0}
{"name":"hexo","hostname":"idea-PC","pid":8040,"level":20,"msg":"Database saved","time":"2018-06-28T01:17:51.481Z","v":0}
